INFO:encore:314 - Created non-GUI application for batch mode execution.
INFO:sim:172 - Generating IP...
Resolving generics for 'IMG_MEM'...
WARNING:sim - A core named 'IMG_MEM' already exists in the project. Output
   products for this core may be overwritten.
Applying external generics to 'IMG_MEM'...
Delivering associated files for 'IMG_MEM'...
Delivering EJava files for 'IMG_MEM'...
Generating implementation netlist for 'IMG_MEM'...
INFO:sim - Pre-processing HDL files for 'IMG_MEM'...
Running synthesis for 'IMG_MEM'
Running ngcbuild...
Writing VEO instantiation template for 'IMG_MEM'...
Writing Verilog behavioral simulation model for 'IMG_MEM'...
WARNING:sim - Overwriting existing file
   /home/cc/cs150/fa013/class/cs150-ba/project/hardware/src/img_mem/tmp/_cg/IMG_
   MEM/doc/blk_mem_gen_v7_3_vinfo.html with file from view xilinx_documentation
Delivered 1 file into directory
/home/cc/cs150/fa013/class/cs150-ba/project/hardware/src/img_mem/tmp/_cg/IMG_MEM
Generating ASY schematic symbol...
INFO:sim:949 - Finished generation of ASY schematic symbol.
Generating metadata file...
Generating ISE project file for 'IMG_MEM'...
Generating ISE project...
XCO file found: IMG_MEM.xco
XMDF file found: IMG_MEM_xmdf.tcl
Adding
/home/cc/cs150/fa013/class/cs150-ba/project/hardware/src/img_mem/tmp/_cg/IMG_MEM
.asy -view all -origin_type imported
Adding
/home/cc/cs150/fa013/class/cs150-ba/project/hardware/src/img_mem/tmp/_cg/IMG_MEM
.ngc -view all -origin_type created
Checking file
"/home/cc/cs150/fa013/class/cs150-ba/project/hardware/src/img_mem/tmp/_cg/IMG_ME
M.ngc" for project device match ...
File
"/home/cc/cs150/fa013/class/cs150-ba/project/hardware/src/img_mem/tmp/_cg/IMG_ME
M.ngc" device information matches project device.
Adding
/home/cc/cs150/fa013/class/cs150-ba/project/hardware/src/img_mem/tmp/_cg/IMG_MEM
.v -view all -origin_type created
INFO:HDLCompiler:1845 - Analyzing Verilog file
   "/home/cc/cs150/fa013/class/cs150-ba/project/hardware/src/img_mem/tmp/_cg/IMG
   _MEM.v" into library work
INFO:ProjectMgmt - Parsing design hierarchy completed successfully.
Adding
/home/cc/cs150/fa013/class/cs150-ba/project/hardware/src/img_mem/tmp/_cg/IMG_MEM
.veo -view all -origin_type imported
INFO:TclTasksC:2116 - The automatic calculation of top has been turned-off.
   Please set the new top explicitly by running the "project set top" command.
   To re-calculate the new top automatically, set the "Auto Implementation Top"
   property to true.
Top level has been set to "/IMG_MEM"
Generating README file...
Generating FLIST file...
INFO:sim:948 - Finished FLIST file generation.
Moving files to output directory...
Finished moving files to output directory
Saved CGP file for project 'coregen'.
